<?xml version="1.0" encoding="UTF-8"?>
<testsuite xmlns:xsi="http://www.w3.org/2001/XMLSchema-instance" xsi:noNamespaceSchemaLocation="https://maven.apache.org/surefire/maven-surefire-plugin/xsd/surefire-test-report.xsd" name="TestThreeCardLogic" time="0.003" tests="16" errors="0" skipped="0" failures="0">
  <properties>
[...]
</properties>
  <testcase name="threeOfAKindTest2" classname="TestThreeCardLogic" time="0"/>
  <testcase name="compareHandsTest_SimpleCards" classname="TestThreeCardLogic" time="0"/>
  <testcase name="compareHandsTest_FlushAndStraight" classname="TestThreeCardLogic" time="0"/>
  <testcase name="straightFlushTest2" classname="TestThreeCardLogic" time="0"/>
  <testcase name="isStraightTest2" classname="TestThreeCardLogic" time="0"/>
  <testcase name="isPairTest2" classname="TestThreeCardLogic" time="0"/>
  <testcase name="isPairTest" classname="TestThreeCardLogic" time="0"/>
  <testcase name="testEvalHandPair" classname="TestThreeCardLogic" time="0"/>
  <testcase name="testEvalHandFlush" classname="TestThreeCardLogic" time="0"/>
  <testcase name="isFlushTest" classname="TestThreeCardLogic" time="0"/>
  <testcase name="threeOfAKindTest" classname="TestThreeCardLogic" time="0.001"/>
  <testcase name="testEvalHandStraight" classname="TestThreeCardLogic" time="0"/>
  <testcase name="isStraightTest" classname="TestThreeCardLogic" time="0"/>
  <testcase name="isFlushTest2" classname="TestThreeCardLogic" time="0.001"/>
  <testcase name="testEvalHandThreeOfAKind" classname="TestThreeCardLogic" time="0"/>
  <testcase name="straightFlushTest" classname="TestThreeCardLogic" time="0"/>
</testsuite>